2018-07-30T06:19:29.616Z - error: error: Cannot destructure property `username` of 'undefined' or 'null'. stack=TypeError: Cannot destructure property `username` of 'undefined' or 'null'.
    at router.get (/Users/apolodu/Documents/My_projects/express-generator-demo/express-generator-demo/routes/api/index.js:20:32)
    at Layer.handle [as handle_request] (/Users/apolodu/Documents/My_projects/express-generator-demo/express-generator-demo/node_modules/express/lib/router/layer.js:95:5)
    at next (/Users/apolodu/Documents/My_projects/express-generator-demo/express-generator-demo/node_modules/express/lib/router/route.js:137:13)
    at Route.dispatch (/Users/apolodu/Documents/My_projects/express-generator-demo/express-generator-demo/node_modules/express/lib/router/route.js:112:3)
    at Layer.handle [as handle_request] (/Users/apolodu/Documents/My_projects/express-generator-demo/express-generator-demo/node_modules/express/lib/router/layer.js:95:5)
    at /Users/apolodu/Documents/My_projects/express-generator-demo/express-generator-demo/node_modules/express/lib/router/index.js:281:22
    at Function.process_params (/Users/apolodu/Documents/My_projects/express-generator-demo/express-generator-demo/node_modules/express/lib/router/index.js:335:12)
    at next (/Users/apolodu/Documents/My_projects/express-generator-demo/express-generator-demo/node_modules/express/lib/router/index.js:275:10)
    at Function.handle (/Users/apolodu/Documents/My_projects/express-generator-demo/express-generator-demo/node_modules/express/lib/router/index.js:174:3)
    at router (/Users/apolodu/Documents/My_projects/express-generator-demo/express-generator-demo/node_modules/express/lib/router/index.js:47:12)
    at Layer.handle [as handle_request] (/Users/apolodu/Documents/My_projects/express-generator-demo/express-generator-demo/node_modules/express/lib/router/layer.js:95:5)
    at trim_prefix (/Users/apolodu/Documents/My_projects/express-generator-demo/express-generator-demo/node_modules/express/lib/router/index.js:317:13)
    at /Users/apolodu/Documents/My_projects/express-generator-demo/express-generator-demo/node_modules/express/lib/router/index.js:284:7
    at Function.process_params (/Users/apolodu/Documents/My_projects/express-generator-demo/express-generator-demo/node_modules/express/lib/router/index.js:335:12)
    at next (/Users/apolodu/Documents/My_projects/express-generator-demo/express-generator-demo/node_modules/express/lib/router/index.js:275:10)
    at SendStream.error (/Users/apolodu/Documents/My_projects/express-generator-demo/express-generator-demo/node_modules/serve-static/index.js:121:7)
2018-07-30T06:19:30.157Z - error: error: Cannot destructure property `username` of 'undefined' or 'null'. stack=TypeError: Cannot destructure property `username` of 'undefined' or 'null'.
    at router.get (/Users/apolodu/Documents/My_projects/express-generator-demo/express-generator-demo/routes/api/index.js:20:32)
    at Layer.handle [as handle_request] (/Users/apolodu/Documents/My_projects/express-generator-demo/express-generator-demo/node_modules/express/lib/router/layer.js:95:5)
    at next (/Users/apolodu/Documents/My_projects/express-generator-demo/express-generator-demo/node_modules/express/lib/router/route.js:137:13)
    at Route.dispatch (/Users/apolodu/Documents/My_projects/express-generator-demo/express-generator-demo/node_modules/express/lib/router/route.js:112:3)
    at Layer.handle [as handle_request] (/Users/apolodu/Documents/My_projects/express-generator-demo/express-generator-demo/node_modules/express/lib/router/layer.js:95:5)
    at /Users/apolodu/Documents/My_projects/express-generator-demo/express-generator-demo/node_modules/express/lib/router/index.js:281:22
    at Function.process_params (/Users/apolodu/Documents/My_projects/express-generator-demo/express-generator-demo/node_modules/express/lib/router/index.js:335:12)
    at next (/Users/apolodu/Documents/My_projects/express-generator-demo/express-generator-demo/node_modules/express/lib/router/index.js:275:10)
    at Function.handle (/Users/apolodu/Documents/My_projects/express-generator-demo/express-generator-demo/node_modules/express/lib/router/index.js:174:3)
    at router (/Users/apolodu/Documents/My_projects/express-generator-demo/express-generator-demo/node_modules/express/lib/router/index.js:47:12)
    at Layer.handle [as handle_request] (/Users/apolodu/Documents/My_projects/express-generator-demo/express-generator-demo/node_modules/express/lib/router/layer.js:95:5)
    at trim_prefix (/Users/apolodu/Documents/My_projects/express-generator-demo/express-generator-demo/node_modules/express/lib/router/index.js:317:13)
    at /Users/apolodu/Documents/My_projects/express-generator-demo/express-generator-demo/node_modules/express/lib/router/index.js:284:7
    at Function.process_params (/Users/apolodu/Documents/My_projects/express-generator-demo/express-generator-demo/node_modules/express/lib/router/index.js:335:12)
    at next (/Users/apolodu/Documents/My_projects/express-generator-demo/express-generator-demo/node_modules/express/lib/router/index.js:275:10)
    at SendStream.error (/Users/apolodu/Documents/My_projects/express-generator-demo/express-generator-demo/node_modules/serve-static/index.js:121:7)
2018-07-30T06:19:46.977Z - error: error: Cannot destructure property `username` of 'undefined' or 'null'. stack=TypeError: Cannot destructure property `username` of 'undefined' or 'null'.
    at router.get (/Users/apolodu/Documents/My_projects/express-generator-demo/express-generator-demo/routes/api/index.js:20:32)
    at Layer.handle [as handle_request] (/Users/apolodu/Documents/My_projects/express-generator-demo/express-generator-demo/node_modules/express/lib/router/layer.js:95:5)
    at next (/Users/apolodu/Documents/My_projects/express-generator-demo/express-generator-demo/node_modules/express/lib/router/route.js:137:13)
    at Route.dispatch (/Users/apolodu/Documents/My_projects/express-generator-demo/express-generator-demo/node_modules/express/lib/router/route.js:112:3)
    at Layer.handle [as handle_request] (/Users/apolodu/Documents/My_projects/express-generator-demo/express-generator-demo/node_modules/express/lib/router/layer.js:95:5)
    at /Users/apolodu/Documents/My_projects/express-generator-demo/express-generator-demo/node_modules/express/lib/router/index.js:281:22
    at Function.process_params (/Users/apolodu/Documents/My_projects/express-generator-demo/express-generator-demo/node_modules/express/lib/router/index.js:335:12)
    at next (/Users/apolodu/Documents/My_projects/express-generator-demo/express-generator-demo/node_modules/express/lib/router/index.js:275:10)
    at Function.handle (/Users/apolodu/Documents/My_projects/express-generator-demo/express-generator-demo/node_modules/express/lib/router/index.js:174:3)
    at router (/Users/apolodu/Documents/My_projects/express-generator-demo/express-generator-demo/node_modules/express/lib/router/index.js:47:12)
    at Layer.handle [as handle_request] (/Users/apolodu/Documents/My_projects/express-generator-demo/express-generator-demo/node_modules/express/lib/router/layer.js:95:5)
    at trim_prefix (/Users/apolodu/Documents/My_projects/express-generator-demo/express-generator-demo/node_modules/express/lib/router/index.js:317:13)
    at /Users/apolodu/Documents/My_projects/express-generator-demo/express-generator-demo/node_modules/express/lib/router/index.js:284:7
    at Function.process_params (/Users/apolodu/Documents/My_projects/express-generator-demo/express-generator-demo/node_modules/express/lib/router/index.js:335:12)
    at next (/Users/apolodu/Documents/My_projects/express-generator-demo/express-generator-demo/node_modules/express/lib/router/index.js:275:10)
    at SendStream.error (/Users/apolodu/Documents/My_projects/express-generator-demo/express-generator-demo/node_modules/serve-static/index.js:121:7)
2018-07-30T12:50:00.806Z - error: error: jwt must be a string stack=JsonWebTokenError: jwt must be a string
    at Object.module.exports [as verify] (/Users/apolodu/Documents/My_projects/express-generator-demo/express-generator-demo/node_modules/jsonwebtoken/verify.js:43:17)
    at router.get (/Users/apolodu/Documents/My_projects/express-generator-demo/express-generator-demo/routes/api/index.js:33:22)
    at Layer.handle [as handle_request] (/Users/apolodu/Documents/My_projects/express-generator-demo/express-generator-demo/node_modules/express/lib/router/layer.js:95:5)
    at next (/Users/apolodu/Documents/My_projects/express-generator-demo/express-generator-demo/node_modules/express/lib/router/route.js:137:13)
    at Route.dispatch (/Users/apolodu/Documents/My_projects/express-generator-demo/express-generator-demo/node_modules/express/lib/router/route.js:112:3)
    at Layer.handle [as handle_request] (/Users/apolodu/Documents/My_projects/express-generator-demo/express-generator-demo/node_modules/express/lib/router/layer.js:95:5)
    at /Users/apolodu/Documents/My_projects/express-generator-demo/express-generator-demo/node_modules/express/lib/router/index.js:281:22
    at Function.process_params (/Users/apolodu/Documents/My_projects/express-generator-demo/express-generator-demo/node_modules/express/lib/router/index.js:335:12)
    at next (/Users/apolodu/Documents/My_projects/express-generator-demo/express-generator-demo/node_modules/express/lib/router/index.js:275:10)
    at Function.handle (/Users/apolodu/Documents/My_projects/express-generator-demo/express-generator-demo/node_modules/express/lib/router/index.js:174:3)
    at router (/Users/apolodu/Documents/My_projects/express-generator-demo/express-generator-demo/node_modules/express/lib/router/index.js:47:12)
    at Layer.handle [as handle_request] (/Users/apolodu/Documents/My_projects/express-generator-demo/express-generator-demo/node_modules/express/lib/router/layer.js:95:5)
    at trim_prefix (/Users/apolodu/Documents/My_projects/express-generator-demo/express-generator-demo/node_modules/express/lib/router/index.js:317:13)
    at /Users/apolodu/Documents/My_projects/express-generator-demo/express-generator-demo/node_modules/express/lib/router/index.js:284:7
    at Function.process_params (/Users/apolodu/Documents/My_projects/express-generator-demo/express-generator-demo/node_modules/express/lib/router/index.js:335:12)
    at next (/Users/apolodu/Documents/My_projects/express-generator-demo/express-generator-demo/node_modules/express/lib/router/index.js:275:10)
2018-07-30T12:51:07.324Z - error: error: invalid token stack=JsonWebTokenError: invalid token
    at Object.module.exports [as verify] (/Users/apolodu/Documents/My_projects/express-generator-demo/express-generator-demo/node_modules/jsonwebtoken/verify.js:61:17)
    at router.get (/Users/apolodu/Documents/My_projects/express-generator-demo/express-generator-demo/routes/api/index.js:33:22)
    at Layer.handle [as handle_request] (/Users/apolodu/Documents/My_projects/express-generator-demo/express-generator-demo/node_modules/express/lib/router/layer.js:95:5)
    at next (/Users/apolodu/Documents/My_projects/express-generator-demo/express-generator-demo/node_modules/express/lib/router/route.js:137:13)
    at Route.dispatch (/Users/apolodu/Documents/My_projects/express-generator-demo/express-generator-demo/node_modules/express/lib/router/route.js:112:3)
    at Layer.handle [as handle_request] (/Users/apolodu/Documents/My_projects/express-generator-demo/express-generator-demo/node_modules/express/lib/router/layer.js:95:5)
    at /Users/apolodu/Documents/My_projects/express-generator-demo/express-generator-demo/node_modules/express/lib/router/index.js:281:22
    at Function.process_params (/Users/apolodu/Documents/My_projects/express-generator-demo/express-generator-demo/node_modules/express/lib/router/index.js:335:12)
    at next (/Users/apolodu/Documents/My_projects/express-generator-demo/express-generator-demo/node_modules/express/lib/router/index.js:275:10)
    at Function.handle (/Users/apolodu/Documents/My_projects/express-generator-demo/express-generator-demo/node_modules/express/lib/router/index.js:174:3)
    at router (/Users/apolodu/Documents/My_projects/express-generator-demo/express-generator-demo/node_modules/express/lib/router/index.js:47:12)
    at Layer.handle [as handle_request] (/Users/apolodu/Documents/My_projects/express-generator-demo/express-generator-demo/node_modules/express/lib/router/layer.js:95:5)
    at trim_prefix (/Users/apolodu/Documents/My_projects/express-generator-demo/express-generator-demo/node_modules/express/lib/router/index.js:317:13)
    at /Users/apolodu/Documents/My_projects/express-generator-demo/express-generator-demo/node_modules/express/lib/router/index.js:284:7
    at Function.process_params (/Users/apolodu/Documents/My_projects/express-generator-demo/express-generator-demo/node_modules/express/lib/router/index.js:335:12)
    at next (/Users/apolodu/Documents/My_projects/express-generator-demo/express-generator-demo/node_modules/express/lib/router/index.js:275:10)
2018-07-30T12:53:13.851Z - error: error: invalid token stack=JsonWebTokenError: invalid token
    at Object.module.exports [as verify] (/Users/apolodu/Documents/My_projects/express-generator-demo/express-generator-demo/node_modules/jsonwebtoken/verify.js:61:17)
    at router.get (/Users/apolodu/Documents/My_projects/express-generator-demo/express-generator-demo/routes/api/index.js:35:22)
    at Layer.handle [as handle_request] (/Users/apolodu/Documents/My_projects/express-generator-demo/express-generator-demo/node_modules/express/lib/router/layer.js:95:5)
    at next (/Users/apolodu/Documents/My_projects/express-generator-demo/express-generator-demo/node_modules/express/lib/router/route.js:137:13)
    at Route.dispatch (/Users/apolodu/Documents/My_projects/express-generator-demo/express-generator-demo/node_modules/express/lib/router/route.js:112:3)
    at Layer.handle [as handle_request] (/Users/apolodu/Documents/My_projects/express-generator-demo/express-generator-demo/node_modules/express/lib/router/layer.js:95:5)
    at /Users/apolodu/Documents/My_projects/express-generator-demo/express-generator-demo/node_modules/express/lib/router/index.js:281:22
    at Function.process_params (/Users/apolodu/Documents/My_projects/express-generator-demo/express-generator-demo/node_modules/express/lib/router/index.js:335:12)
    at next (/Users/apolodu/Documents/My_projects/express-generator-demo/express-generator-demo/node_modules/express/lib/router/index.js:275:10)
    at Function.handle (/Users/apolodu/Documents/My_projects/express-generator-demo/express-generator-demo/node_modules/express/lib/router/index.js:174:3)
    at router (/Users/apolodu/Documents/My_projects/express-generator-demo/express-generator-demo/node_modules/express/lib/router/index.js:47:12)
    at Layer.handle [as handle_request] (/Users/apolodu/Documents/My_projects/express-generator-demo/express-generator-demo/node_modules/express/lib/router/layer.js:95:5)
    at trim_prefix (/Users/apolodu/Documents/My_projects/express-generator-demo/express-generator-demo/node_modules/express/lib/router/index.js:317:13)
    at /Users/apolodu/Documents/My_projects/express-generator-demo/express-generator-demo/node_modules/express/lib/router/index.js:284:7
    at Function.process_params (/Users/apolodu/Documents/My_projects/express-generator-demo/express-generator-demo/node_modules/express/lib/router/index.js:335:12)
    at next (/Users/apolodu/Documents/My_projects/express-generator-demo/express-generator-demo/node_modules/express/lib/router/index.js:275:10)
